This is pdfTeXk, Version 3.141592-1.40.3 (Web2C 7.5.6) (format=latex 2012.2.17)  17 SEP 2012 20:02
entering extended mode
 %&-line parsing enabled.
**thesis.tex
(./thesis.tex
LaTeX2e <2005/12/01>
Babel <v3.8h> and hyphenation patterns for english, usenglishmax, dumylang, noh
yphenation, arabic, basque, bulgarian, coptic, welsh, czech, slovak, german, ng
erman, danish, esperanto, spanish, catalan, galician, estonian, farsi, finnish,
 french, greek, monogreek, ancientgreek, croatian, hungarian, interlingua, ibyc
us, indonesian, icelandic, italian, latin, mongolian, dutch, norsk, polish, por
tuguese, pinyin, romanian, russian, slovenian, uppersorbian, serbian, swedish, 
turkish, ukenglish, ukrainian, loaded.
(/usr/share/texmf/tex/latex/base/report.cls
Document Class: report 2005/09/16 v1.4f Standard LaTeX document class
(/usr/share/texmf/tex/latex/base/size12.clo
File: size12.clo 2005/09/16 v1.4f Standard LaTeX file (size option)
)
\c@part=\count79
\c@chapter=\count80
\c@section=\count81
\c@subsection=\count82
\c@subsubsection=\count83
\c@paragraph=\count84
\c@subparagraph=\count85
\c@figure=\count86
\c@table=\count87
\abovecaptionskip=\skip41
\belowcaptionskip=\skip42
\bibindent=\dimen102
) (./thesis.sty
(/usr/share/texmf/tex/latex/graphics/graphicx.sty
Package: graphicx 1999/02/16 v1.0f Enhanced LaTeX Graphics (DPC,SPQR)

(/usr/share/texmf/tex/latex/graphics/keyval.sty
Package: keyval 1999/03/16 v1.13 key=value parser (DPC)
\KV@toks@=\toks14
)
(/usr/share/texmf/tex/latex/graphics/graphics.sty
Package: graphics 2006/02/20 v1.0o Standard LaTeX Graphics (DPC,SPQR)

(/usr/share/texmf/tex/latex/graphics/trig.sty
Package: trig 1999/03/16 v1.09 sin cos tan (DPC)
)
(/usr/share/texmf/tex/latex/config/graphics.cfg
File: graphics.cfg 2007/01/18 v1.5 graphics configuration of teTeX/TeXLive
)
Package graphics Info: Driver file: dvips.def on input line 90.

(/usr/share/texmf/tex/latex/graphics/dvips.def
File: dvips.def 1999/02/16 v3.0i Driver-dependant file (DPC,SPQR)
))
\Gin@req@height=\dimen103
\Gin@req@width=\dimen104
)
(/usr/share/texmf/tex/latex/base/latexsym.sty
Package: latexsym 1998/08/17 v2.2e Standard LaTeX package (lasy symbols)
\symlasy=\mathgroup4
LaTeX Font Info:    Overwriting symbol font `lasy' in version `bold'
(Font)                  U/lasy/m/n --> U/lasy/b/n on input line 47.
)
(/usr/share/texmf/tex/latex/rotating/rotating.sty
Package: rotating 1997/09/26, v2.13 Rotation package

(/usr/share/texmf/tex/latex/base/ifthen.sty
Package: ifthen 2001/05/26 v1.1c Standard LaTeX ifthen package (DPC)
)
\c@r@tfl@t=\count88
\rot@float@box=\box26
)
\c@cor=\count89
)
\c@thm=\count90
 (./thesis.aux (./abstract.aux)
(./ack.aux) (./contents.aux) (./tables.aux) (./figures.aux) (./chap1.aux)
(./chap2.aux) (./chap3.aux) (./chap4.aux) (./chap5.aux) (./chap6.aux)
(./bib.aux) (./apdxa.aux))
\openout1 = `thesis.aux'.

LaTeX Font Info:    Checking defaults for OML/cmm/m/it on input line 4.
LaTeX Font Info:    ... okay on input line 4.
LaTeX Font Info:    Checking defaults for T1/cmr/m/n on input line 4.
LaTeX Font Info:    ... okay on input line 4.
LaTeX Font Info:    Checking defaults for OT1/cmr/m/n on input line 4.
LaTeX Font Info:    ... okay on input line 4.
LaTeX Font Info:    Checking defaults for OMS/cmsy/m/n on input line 4.
LaTeX Font Info:    ... okay on input line 4.
LaTeX Font Info:    Checking defaults for OMX/cmex/m/n on input line 4.
LaTeX Font Info:    ... okay on input line 4.
LaTeX Font Info:    Checking defaults for U/cmr/m/n on input line 4.
LaTeX Font Info:    ... okay on input line 4.
LaTeX Font Info:    External font `cmex10' loaded for size
(Font)              <17.28> on input line 29.
LaTeX Font Info:    External font `cmex10' loaded for size
(Font)              <12> on input line 29.
LaTeX Font Info:    Try loading font information for U+lasy on input line 29.
 (/usr/share/texmf/tex/latex/base/ulasy.fd
File: ulasy.fd 1998/08/17 v2.2e LaTeX symbol font definitions
)
LaTeX Font Info:    Try loading font information for OMS+cmr on input line 29.

(/usr/share/texmf/tex/latex/base/omscmr.fd
File: omscmr.fd 1999/05/25 v2.5h Standard LaTeX font definitions
)
LaTeX Font Info:    Font shape `OMS/cmr/m/n' in size <12> not available
(Font)              Font shape `OMS/cmsy/m/n' tried instead on input line 29.
 [1

]
\openout2 = `abstract.aux'.

 (./abstract.tex
LaTeX Font Info:    External font `cmex10' loaded for size
(Font)              <8> on input line 7.
LaTeX Font Info:    External font `cmex10' loaded for size
(Font)              <6> on input line 7.
) [2

]
\openout2 = `ack.aux'.

 (./ack.tex) [3


]
\openout2 = `contents.aux'.

 (./contents.tex (./thesis.toc [4



])
\tf@toc=\write3
\openout3 = `thesis.toc'.

) [5]
\openout2 = `tables.aux'.

 (./tables.tex (./thesis.lot)
\tf@lot=\write4
\openout4 = `thesis.lot'.

)
[6



]
\openout2 = `figures.aux'.

 (./figures.tex (./thesis.lof)
\tf@lof=\write5
\openout5 = `thesis.lof'.

) [7



]
\openout2 = `chap1.aux'.

 (./chap1.tex
Chapter 1.
LaTeX Font Info:    External font `cmex10' loaded for size
(Font)              <7> on input line 33.
LaTeX Font Info:    External font `cmex10' loaded for size
(Font)              <5> on input line 33.
[1



] [2]
LaTeX Font Info:    Font shape `OT1/cmtt/bx/n' in size <17.28> not available
(Font)              Font shape `OT1/cmtt/m/n' tried instead on input line 86.
 [3] [4] [5]) [6]
\openout2 = `chap2.aux'.

 (./chap2.tex
Chapter 2.
File: figures/MUN_Logo_Pantone.eps Graphic file (type eps)
<figures/MUN_Logo_Pantone.eps>
File: figures/enrollment.eps Graphic file (type eps)
 <figures/enrollment.eps> [7



]
File: figures/enrollment-landscape.eps Graphic file (type eps)

<figures/enrollment-landscape.eps> Adding sideways figure on  right hand page
File: figures/enrollment-rotate.eps Graphic file (type eps)

<figures/enrollment-rotate.eps> [8] [9]
File: figures/db-deadlock.eps Graphic file (type eps)
 <figures/db-deadlock.eps>
Overfull \hbox (18.96304pt too wide) in paragraph at lines 46--51
[]\OT1/cmr/m/n/12 Figure 2.5[] shows a Petri net cre-ated us-ing the \OT1/cmtt/
m/n/12 xfig \OT1/cmr/m/n/12 pro-gram (\OT1/cmtt/m/n/12 http://www.xfig.org/\OT1
/cmr/m/n/12 )
 []


Overfull \hbox (6.92888pt too wide) in paragraph at lines 52--65
[]\OT1/cmr/m/n/12 We can also cre-ate fig-ures of text (such as short code snip
-pets) us-ing the []\OT1/cmtt/m/n/12 \muntxtfig
 []

[10] [11]
Overfull \hbox (17.51135pt too wide) in paragraph at lines 108--151
 [][] 
 []

Adding sideways figure on  right hand page) [12] [13]
\openout2 = `chap3.aux'.

 (./chap3.tex
Chapter 3.
) [14



]
\openout2 = `chap4.aux'.

 (./chap4.tex
Chapter 4.
[15



] [16]) [17]
\openout2 = `chap5.aux'.

 (./chap5.tex
Chapter 5.
) [18



]
\openout2 = `chap6.aux'.

 (./chap6.tex
Chapter 6.
) [19



]
\openout2 = `bib.aux'.

 (./bib.tex (./thesis.bbl)) [20



]
\openout2 = `apdxa.aux'.

 (./apdxa.tex
Appendix A.
) [21



] (./thesis.aux (./abstract.aux) (./ack.aux) (./contents.aux)
(./tables.aux) (./figures.aux) (./chap1.aux) (./chap2.aux) (./chap3.aux)
(./chap4.aux) (./chap5.aux) (./chap6.aux) (./bib.aux) (./apdxa.aux)) ) 
Here is how much of TeX's memory you used:
 934 strings out of 256217
 10889 string characters out of 1917095
 72582 words of memory out of 1500000
 4131 multiletter control sequences out of 10000+200000
 13855 words of font info for 53 fonts, out of 1200000 for 2000
 645 hyphenation exceptions out of 8191
 32i,10n,23p,213b,316s stack positions out of 5000i,500n,6000p,200000b,15000s

Output written on thesis.dvi (28 pages, 39176 bytes).
